<testsuites id="" name="" tests="1" failures="1" skipped="0" errors="0" time="88.94177499999999">
<testsuite name="generated\demo-composer-formatting.spec.ts" timestamp="2025-11-28T13:52:38.625Z" hostname="chromium" tests="1" failures="1" skipped="0" time="86.979" errors="0">
<testcase name="Toggle basic formatting controls in the reply composer and send a formatted message › demo-composer-formatting" classname="generated\demo-composer-formatting.spec.ts" time="86.979">
<failure message="demo-composer-formatting.spec.ts:39:9 demo-composer-formatting" type="FAILURE">
<![CDATA[  [chromium] › generated\demo-composer-formatting.spec.ts:39:9 › Toggle basic formatting controls in the reply composer and send a formatted message › demo-composer-formatting 

    Test timeout of 60000ms exceeded while running "afterEach" hook.

       at ..\fixtures\auth.fixture.ts:37

      35 | // Optional: keep the browser open for inspection after tests (primarily for headed debugging)
      36 | // Controlled via env.KAYAKO_HOLD_OPEN_MS, which is injected by the Control Center UI for headed runs.
    > 37 | test.afterEach(async ({ authenticatedPage }, testInfo) => {
         |      ^
      38 |   const raw = (process.env.KAYAKO_HOLD_OPEN_MS || '').trim();
      39 |   const ms = raw ? parseInt(raw, 10) : 0;
      40 |   if (!ms || Number.isNaN(ms) || ms <= 0) {
        at C:\Users\Zé\Documents\Trilogy\Kayako Autotester\fixtures\auth.fixture.ts:37:6

    attachment #1: screenshot (image/png) ──────────────────────────────────────────────────────────
    ..\runs\ebcef7d6-8d87-4884-83f0-5b0b258da009\artifacts\generated-demo-composer-fo-19cbb-ge-demo-composer-formatting-chromium\test-failed-1.png
    ────────────────────────────────────────────────────────────────────────────────────────────────

    Error Context: ..\runs\ebcef7d6-8d87-4884-83f0-5b0b258da009\artifacts\generated-demo-composer-fo-19cbb-ge-demo-composer-formatting-chromium\error-context.md
]]>
</failure>
<system-out>
<![CDATA[[2025-11-28T13:52:40.890Z] [INFO] [auth.fixture run=ebcef7d6-8d87-4884-83f0-5b0b258da009] Starting login flow for authenticatedPage
[2025-11-28T13:52:40.898Z] [INFO] [LoginPage run=ebcef7d6-8d87-4884-83f0-5b0b258da009] Navigating to login page https://trilogy-joseguedes.kayako.com/agent/login
[2025-11-28T13:52:48.316Z] [INFO] [selectors run=ebcef7d6-8d87-4884-83f0-5b0b258da009] Loaded selectors.jsonc (mtime %d) [33m1764336151970.448[39m
[2025-11-28T13:52:48.490Z] [DEBUG] [selectors run=ebcef7d6-8d87-4884-83f0-5b0b258da009] Primary selector used for %s.%s: %s login emailInput role=textbox[name='Email address']
[2025-11-28T13:52:48.523Z] [INFO] [selectors run=ebcef7d6-8d87-4884-83f0-5b0b258da009] Filling %s.%s (selector=%s, fallbackIndex=%d) login emailInput role=textbox[name='Email address'] [33m0[39m
[2025-11-28T13:52:48.688Z] [DEBUG] [selectors run=ebcef7d6-8d87-4884-83f0-5b0b258da009] Primary selector used for %s.%s: %s login passwordInput role=textbox[name='Password']
[2025-11-28T13:52:48.704Z] [INFO] [selectors run=ebcef7d6-8d87-4884-83f0-5b0b258da009] Filling %s.%s (selector=%s, fallbackIndex=%d) login passwordInput role=textbox[name='Password'] [33m0[39m
[2025-11-28T13:52:48.848Z] [DEBUG] [selectors run=ebcef7d6-8d87-4884-83f0-5b0b258da009] Primary selector used for %s.%s: %s login submitButton role=button[name='Login']
[2025-11-28T13:52:48.867Z] [INFO] [selectors run=ebcef7d6-8d87-4884-83f0-5b0b258da009] Clicking %s.%s (selector=%s, fallbackIndex=%d) login submitButton role=button[name='Login'] [33m0[39m
[2025-11-28T13:52:52.904Z] [DEBUG] [selectors run=ebcef7d6-8d87-4884-83f0-5b0b258da009] Primary selector used for %s.%s: %s nav conversationsLink nav[class*='session__left-navigation_'] a[class*='session__left-navigation-item_'][href*='/agent/conversations']
[2025-11-28T13:52:52.924Z] [INFO] [selectors run=ebcef7d6-8d87-4884-83f0-5b0b258da009] Expect visible %s.%s (selector=%s, fallbackIndex=%d) nav conversationsLink nav[class*='session__left-navigation_'] a[class*='session__left-navigation-item_'][href*='/agent/conversations'] [33m0[39m
[2025-11-28T13:52:52.935Z] [INFO] [auth.fixture run=ebcef7d6-8d87-4884-83f0-5b0b258da009] Login successful
[2025-11-28T13:52:52.943Z] [INFO] [auth.fixture run=ebcef7d6-8d87-4884-83f0-5b0b258da009] Saved storageState to %s C:\Users\Zé\Documents\Trilogy\Kayako Autotester\storage\agent-auth.json
[2025-11-28T13:52:52.946Z] [INFO] [selectors run=ebcef7d6-8d87-4884-83f0-5b0b258da009] Accessing conversation: using env ID if available, otherwise inbox fallback
[2025-11-28T13:52:52.950Z] [INFO] [selectors run=ebcef7d6-8d87-4884-83f0-5b0b258da009] Navigating to target conversation by ID: %s https://trilogy-joseguedes.kayako.com/agent/conversations/35
[2025-11-28T13:52:56.542Z] [INFO] [selectors run=ebcef7d6-8d87-4884-83f0-5b0b258da009] Switching composer to Reply mode
[2025-11-28T13:52:56.552Z] [INFO] [selectors run=ebcef7d6-8d87-4884-83f0-5b0b258da009] Dispatch-click CSS for %s.%s with %d candidate(s) composer replyToggle [33m1[39m
[2025-11-28T13:52:56.608Z] [INFO] [selectors run=ebcef7d6-8d87-4884-83f0-5b0b258da009] Dispatch-click CSS succeeded for %s.%s using %s composer replyToggle [class*='ko-text-editor_mode-selector__root_'][aria-selected='false']
[2025-11-28T13:52:56.850Z] [DEBUG] [selectors run=ebcef7d6-8d87-4884-83f0-5b0b258da009] Primary selector used for %s.%s: %s composer toolbarBulletedList svg[data-name='bulletList']
[2025-11-28T13:52:56.873Z] [INFO] [selectors run=ebcef7d6-8d87-4884-83f0-5b0b258da009] Clicking %s.%s (selector=%s, fallbackIndex=%d) composer toolbarBulletedList svg[data-name='bulletList'] [33m0[39m
[2025-11-28T13:52:57.048Z] [INFO] [selectors run=ebcef7d6-8d87-4884-83f0-5b0b258da009] Inserting reply text (%d chars) [33m15[39m
[2025-11-28T13:52:57.091Z] [DEBUG] [selectors run=ebcef7d6-8d87-4884-83f0-5b0b258da009] Primary selector used for %s.%s: %s composer editor div.fr-element.fr-view
[2025-11-28T13:52:57.997Z] [INFO] [selectors run=ebcef7d6-8d87-4884-83f0-5b0b258da009] Inserting reply text (%d chars) [33m9[39m
[2025-11-28T13:52:58.024Z] [DEBUG] [selectors run=ebcef7d6-8d87-4884-83f0-5b0b258da009] Primary selector used for %s.%s: %s composer editor div.fr-element.fr-view
[2025-11-28T13:52:58.819Z] [DEBUG] [selectors run=ebcef7d6-8d87-4884-83f0-5b0b258da009] Primary selector used for %s.%s: %s composer toolbarBoldButton svg[data-name='bold']
[2025-11-28T13:52:58.844Z] [INFO] [selectors run=ebcef7d6-8d87-4884-83f0-5b0b258da009] Clicking %s.%s (selector=%s, fallbackIndex=%d) composer toolbarBoldButton svg[data-name='bold'] [33m0[39m
[2025-11-28T13:52:59.074Z] [INFO] [selectors run=ebcef7d6-8d87-4884-83f0-5b0b258da009] Inserting reply text (%d chars) [33m4[39m
[2025-11-28T13:52:59.124Z] [DEBUG] [selectors run=ebcef7d6-8d87-4884-83f0-5b0b258da009] Primary selector used for %s.%s: %s composer editor div.fr-element.fr-view
[2025-11-28T13:52:59.609Z] [DEBUG] [selectors run=ebcef7d6-8d87-4884-83f0-5b0b258da009] Primary selector used for %s.%s: %s composer toolbarBoldButton svg[data-name='bold']
[2025-11-28T13:52:59.634Z] [INFO] [selectors run=ebcef7d6-8d87-4884-83f0-5b0b258da009] Clicking %s.%s (selector=%s, fallbackIndex=%d) composer toolbarBoldButton svg[data-name='bold'] [33m0[39m
[2025-11-28T13:52:59.801Z] [INFO] [selectors run=ebcef7d6-8d87-4884-83f0-5b0b258da009] Inserting reply text (%d chars) [33m9[39m
[2025-11-28T13:52:59.829Z] [DEBUG] [selectors run=ebcef7d6-8d87-4884-83f0-5b0b258da009] Primary selector used for %s.%s: %s composer editor div.fr-element.fr-view
[2025-11-28T13:53:00.773Z] [DEBUG] [selectors run=ebcef7d6-8d87-4884-83f0-5b0b258da009] Primary selector used for %s.%s: %s composer toolbarItalicButton svg[data-name='italic']
[2025-11-28T13:53:00.794Z] [INFO] [selectors run=ebcef7d6-8d87-4884-83f0-5b0b258da009] Clicking %s.%s (selector=%s, fallbackIndex=%d) composer toolbarItalicButton svg[data-name='italic'] [33m0[39m
[2025-11-28T13:53:00.955Z] [INFO] [selectors run=ebcef7d6-8d87-4884-83f0-5b0b258da009] Inserting reply text (%d chars) [33m9[39m
[2025-11-28T13:53:00.986Z] [DEBUG] [selectors run=ebcef7d6-8d87-4884-83f0-5b0b258da009] Primary selector used for %s.%s: %s composer editor div.fr-element.fr-view
[2025-11-28T13:53:01.548Z] [INFO] [selectors run=ebcef7d6-8d87-4884-83f0-5b0b258da009] Inserting reply text (%d chars) [33m7[39m
[2025-11-28T13:53:01.574Z] [DEBUG] [selectors run=ebcef7d6-8d87-4884-83f0-5b0b258da009] Primary selector used for %s.%s: %s composer editor div.fr-element.fr-view
[2025-11-28T13:53:02.085Z] [DEBUG] [selectors run=ebcef7d6-8d87-4884-83f0-5b0b258da009] Primary selector used for %s.%s: %s composer toolbarItalicButton svg[data-name='italic']
[2025-11-28T13:53:02.097Z] [INFO] [selectors run=ebcef7d6-8d87-4884-83f0-5b0b258da009] Clicking %s.%s (selector=%s, fallbackIndex=%d) composer toolbarItalicButton svg[data-name='italic'] [33m0[39m
[2025-11-28T13:53:02.267Z] [INFO] [selectors run=ebcef7d6-8d87-4884-83f0-5b0b258da009] Inserting reply text (%d chars) [33m11[39m
[2025-11-28T13:53:02.287Z] [DEBUG] [selectors run=ebcef7d6-8d87-4884-83f0-5b0b258da009] Primary selector used for %s.%s: %s composer editor div.fr-element.fr-view
[2025-11-28T13:53:03.178Z] [DEBUG] [selectors run=ebcef7d6-8d87-4884-83f0-5b0b258da009] Primary selector used for %s.%s: %s composer toolbarNumberedList svg[data-name='numberList']
[2025-11-28T13:53:03.192Z] [INFO] [selectors run=ebcef7d6-8d87-4884-83f0-5b0b258da009] Clicking %s.%s (selector=%s, fallbackIndex=%d) composer toolbarNumberedList svg[data-name='numberList'] [33m0[39m
[2025-11-28T13:53:03.361Z] [INFO] [selectors run=ebcef7d6-8d87-4884-83f0-5b0b258da009] Inserting reply text (%d chars) [33m10[39m
[2025-11-28T13:53:03.401Z] [DEBUG] [selectors run=ebcef7d6-8d87-4884-83f0-5b0b258da009] Primary selector used for %s.%s: %s composer editor div.fr-element.fr-view
[2025-11-28T13:53:04.097Z] [INFO] [selectors run=ebcef7d6-8d87-4884-83f0-5b0b258da009] Inserting reply text (%d chars) [33m10[39m
[2025-11-28T13:53:04.115Z] [DEBUG] [selectors run=ebcef7d6-8d87-4884-83f0-5b0b258da009] Primary selector used for %s.%s: %s composer editor div.fr-element.fr-view
[2025-11-28T13:53:04.774Z] [INFO] [selectors run=ebcef7d6-8d87-4884-83f0-5b0b258da009] Inserting reply text (%d chars) [33m37[39m
[2025-11-28T13:53:04.793Z] [DEBUG] [selectors run=ebcef7d6-8d87-4884-83f0-5b0b258da009] Primary selector used for %s.%s: %s composer editor div.fr-element.fr-view
[2025-11-28T13:53:06.191Z] [INFO] [selectors run=ebcef7d6-8d87-4884-83f0-5b0b258da009] Clicking composer Send button
[2025-11-28T13:53:06.223Z] [DEBUG] [selectors run=ebcef7d6-8d87-4884-83f0-5b0b258da009] Primary selector used for %s.%s: %s composer sendButton role=button[name=/^Send( and update)?$/i]
[2025-11-28T13:53:06.235Z] [INFO] [selectors run=ebcef7d6-8d87-4884-83f0-5b0b258da009] Clicking %s.%s (selector=%s, fallbackIndex=%d) composer sendButton role=button[name=/^Send( and update)?$/i] [33m0[39m
[2025-11-28T13:53:06.462Z] [INFO] [selectors run=ebcef7d6-8d87-4884-83f0-5b0b258da009] Asserting timeline contains text "%s" (entries=%d) [AUTOTEST] formatted reply with lists [33m208[39m
[2025-11-28T13:53:07.123Z] [INFO] [auth.fixture run=ebcef7d6-8d87-4884-83f0-5b0b258da009] Holding browser open for %dms after test "%s" [33m600000[39m demo-composer-formatting

[[ATTACHMENT|artifacts\generated-demo-composer-fo-19cbb-ge-demo-composer-formatting-chromium\test-failed-1.png]]

[[ATTACHMENT|artifacts\generated-demo-composer-fo-19cbb-ge-demo-composer-formatting-chromium\error-context.md]]
]]>
</system-out>
<system-err>
<![CDATA[[2025-11-28T13:54:07.303Z] [WARN] [auth.fixture run=ebcef7d6-8d87-4884-83f0-5b0b258da009] Hold-open wait interrupted page.waitForTimeout: Test ended.
    at [90mC:\Users\Zé\Documents\Trilogy\Kayako Autotester\[39mfixtures\auth.fixture.ts:45:29
]]>
</system-err>
</testcase>
</testsuite>
</testsuites>