<testsuites id="" name="" tests="1" failures="1" skipped="0" errors="0" time="74.863181">
<testsuite name="generated\settings-create-trigger.spec.ts" timestamp="2025-11-27T18:57:25.922Z" hostname="chromium" tests="1" failures="1" skipped="0" time="71.727" errors="0">
<testcase name="Create a simple trigger that fires when status is New and changes status (UI-only smoke) › settings-create-trigger" classname="generated\settings-create-trigger.spec.ts" time="71.727">
<failure message="settings-create-trigger.spec.ts:30:9 settings-create-trigger" type="FAILURE">
<![CDATA[  [chromium] › generated\settings-create-trigger.spec.ts:30:9 › Create a simple trigger that fires when status is New and changes status (UI-only smoke) › settings-create-trigger 

    Error: Dispatch-click by text failed: Status

       at ..\selectors\index.ts:249

      247 |     logger.error('Dispatch-click by text failed: %s', text);
      248 |     try { await hudPush(page, `Dispatch by text failed: ${text}`); } catch {}
    > 249 |     throw new Error(`Dispatch-click by text failed: ${text}`);
          |           ^
      250 |   }
      251 |   logger.info('Dispatch-click by text succeeded: %s', text);
      252 |   try { await hudPush(page, `Clicked by text: ${text}`); await hudSet(page, ``); } catch {}
        at dispatchClickText (C:\Users\Zé\Documents\Trilogy\Kayako Autotester\selectors\index.ts:249:11)
        at runFlow (C:\Users\Zé\Documents\Trilogy\Kayako Autotester\tests\generated\settings-create-trigger.spec.ts:13:5)
        at C:\Users\Zé\Documents\Trilogy\Kayako Autotester\tests\generated\settings-create-trigger.spec.ts:31:7

    Test timeout of 60000ms exceeded while running "afterEach" hook.

       at ..\fixtures\auth.fixture.ts:37

      35 | // Optional: keep the browser open for inspection after tests (primarily for headed debugging)
      36 | // Controlled via env.KAYAKO_HOLD_OPEN_MS, which is injected by the Control Center UI for headed runs.
    > 37 | test.afterEach(async ({ authenticatedPage }, testInfo) => {
         |      ^
      38 |   const raw = (process.env.KAYAKO_HOLD_OPEN_MS || '').trim();
      39 |   const ms = raw ? parseInt(raw, 10) : 0;
      40 |   if (!ms || Number.isNaN(ms) || ms <= 0) {
        at C:\Users\Zé\Documents\Trilogy\Kayako Autotester\fixtures\auth.fixture.ts:37:6

    attachment #1: screenshot (image/png) ──────────────────────────────────────────────────────────
    ..\runs\8bad18e5-3236-4b85-a220-7ff61d273abf\artifacts\generated-settings-create--2cdb1-oke-settings-create-trigger-chromium\test-failed-1.png
    ────────────────────────────────────────────────────────────────────────────────────────────────

    Error Context: ..\runs\8bad18e5-3236-4b85-a220-7ff61d273abf\artifacts\generated-settings-create--2cdb1-oke-settings-create-trigger-chromium\error-context.md
]]>
</failure>
<system-out>
<![CDATA[[2025-11-27T18:57:27.816Z] [INFO] [auth.fixture run=8bad18e5-3236-4b85-a220-7ff61d273abf] Starting login flow for authenticatedPage
[2025-11-27T18:57:27.825Z] [INFO] [LoginPage run=8bad18e5-3236-4b85-a220-7ff61d273abf] Navigating to login page https://trilogy-joseguedes.kayako.com/agent/login
[2025-11-27T18:57:31.117Z] [INFO] [selectors run=8bad18e5-3236-4b85-a220-7ff61d273abf] Loaded selectors.jsonc (mtime %d) [33m1764269348553.2468[39m
[2025-11-27T18:57:31.999Z] [DEBUG] [selectors run=8bad18e5-3236-4b85-a220-7ff61d273abf] Primary selector used for %s.%s: %s login emailInput role=textbox[name='Email address']
[2025-11-27T18:57:32.016Z] [INFO] [selectors run=8bad18e5-3236-4b85-a220-7ff61d273abf] Filling %s.%s (selector=%s, fallbackIndex=%d) login emailInput role=textbox[name='Email address'] [33m0[39m
[2025-11-27T18:57:32.152Z] [DEBUG] [selectors run=8bad18e5-3236-4b85-a220-7ff61d273abf] Primary selector used for %s.%s: %s login passwordInput role=textbox[name='Password']
[2025-11-27T18:57:32.167Z] [INFO] [selectors run=8bad18e5-3236-4b85-a220-7ff61d273abf] Filling %s.%s (selector=%s, fallbackIndex=%d) login passwordInput role=textbox[name='Password'] [33m0[39m
[2025-11-27T18:57:32.315Z] [DEBUG] [selectors run=8bad18e5-3236-4b85-a220-7ff61d273abf] Primary selector used for %s.%s: %s login submitButton role=button[name='Login']
[2025-11-27T18:57:32.328Z] [INFO] [selectors run=8bad18e5-3236-4b85-a220-7ff61d273abf] Clicking %s.%s (selector=%s, fallbackIndex=%d) login submitButton role=button[name='Login'] [33m0[39m
[2025-11-27T18:57:35.901Z] [DEBUG] [selectors run=8bad18e5-3236-4b85-a220-7ff61d273abf] Primary selector used for %s.%s: %s nav conversationsLink [class*='sidebar'] a[href*='conversations']
[2025-11-27T18:57:35.930Z] [INFO] [selectors run=8bad18e5-3236-4b85-a220-7ff61d273abf] Expect visible %s.%s (selector=%s, fallbackIndex=%d) nav conversationsLink [class*='sidebar'] a[href*='conversations'] [33m0[39m
[2025-11-27T18:57:35.938Z] [INFO] [auth.fixture run=8bad18e5-3236-4b85-a220-7ff61d273abf] Login successful
[2025-11-27T18:57:35.949Z] [INFO] [auth.fixture run=8bad18e5-3236-4b85-a220-7ff61d273abf] Saved storageState to %s C:\Users\Zé\Documents\Trilogy\Kayako Autotester\storage\agent-auth.json
[2025-11-27T18:57:38.792Z] [DEBUG] [selectors run=8bad18e5-3236-4b85-a220-7ff61d273abf] Primary selector used for %s.%s: %s settings triggerTitleInput role=textbox[name='e.g. Notify assignee of update']
[2025-11-27T18:57:38.835Z] [INFO] [selectors run=8bad18e5-3236-4b85-a220-7ff61d273abf] Expect visible %s.%s (selector=%s, fallbackIndex=%d) settings triggerTitleInput role=textbox[name='e.g. Notify assignee of update'] [33m0[39m
[2025-11-27T18:57:38.865Z] [DEBUG] [selectors run=8bad18e5-3236-4b85-a220-7ff61d273abf] Primary selector used for %s.%s: %s settings triggerTitleInput role=textbox[name='e.g. Notify assignee of update']
[2025-11-27T18:57:38.877Z] [INFO] [selectors run=8bad18e5-3236-4b85-a220-7ff61d273abf] Filling %s.%s (selector=%s, fallbackIndex=%d) settings triggerTitleInput role=textbox[name='e.g. Notify assignee of update'] [33m0[39m
[2025-11-27T18:57:38.993Z] [INFO] [selectors run=8bad18e5-3236-4b85-a220-7ff61d273abf] Dispatch-click by text: %s Select a condition
[2025-11-27T18:57:39.006Z] [INFO] [selectors run=8bad18e5-3236-4b85-a220-7ff61d273abf] Dispatch-click by text succeeded: %s Select a condition
[2025-11-27T18:57:39.022Z] [INFO] [selectors run=8bad18e5-3236-4b85-a220-7ff61d273abf] Dispatch-click by text: %s Status
[2025-11-27T18:57:39.044Z] [INFO] [selectors run=8bad18e5-3236-4b85-a220-7ff61d273abf] Dispatch-click by text diagnostics: %o {
  needle: [32m'Status'[39m,
  exactCount: [33m0[39m,
  containsCount: [33m3[39m,
  samples: [
    {
      tag: [32m'HTML'[39m,
      cls: [32m''[39m,
      text: [32m"(function(w,d,s,l,i){w[l]=w[l]||[];w[l].push({'gtm.start': new Date().getTime(),event:'gtm.js'});var f=d.getElementsByTa"[39m,
      rect: [36m[Object][39m
    },
    {
      tag: [32m'DIV'[39m,
      cls: [32m''[39m,
      text: [32m'Kayako Test HUDdragDispatch click by text: Status[15:57:38] Found settings.triggerTitleInput via index 0[15:57:38] Found'[39m,
      rect: [36m[Object][39m
    },
    {
      tag: [32m'DIV'[39m,
      cls: [32m''[39m,
      text: [32m'Dispatch click by text: Status'[39m,
      rect: [36m[Object][39m
    }
  ],
  wormholeChildren: [33m0[39m,
  openDropdowns: [33m0[39m,
  dropdownOptions: [33m0[39m
}
[2025-11-27T18:57:39.141Z] [INFO] [auth.fixture run=8bad18e5-3236-4b85-a220-7ff61d273abf] Holding browser open for %dms after test "%s" [33m600000[39m settings-create-trigger

[[ATTACHMENT|artifacts\generated-settings-create--2cdb1-oke-settings-create-trigger-chromium\test-failed-1.png]]

[[ATTACHMENT|artifacts\generated-settings-create--2cdb1-oke-settings-create-trigger-chromium\error-context.md]]
]]>
</system-out>
<system-err>
<![CDATA[[2025-11-27T18:57:39.045Z] [ERROR] [selectors run=8bad18e5-3236-4b85-a220-7ff61d273abf] Dispatch-click by text failed: %s Status
[2025-11-27T18:58:39.174Z] [WARN] [auth.fixture run=8bad18e5-3236-4b85-a220-7ff61d273abf] Hold-open wait interrupted page.waitForTimeout: Test ended.
    at [90mC:\Users\Zé\Documents\Trilogy\Kayako Autotester\[39mfixtures\auth.fixture.ts:45:29
]]>
</system-err>
</testcase>
</testsuite>
</testsuites>