<testsuites id="" name="" tests="1" failures="1" skipped="0" errors="0" time="75.26269900000001">
<testsuite name="generated\settings-create-trigger.spec.ts" timestamp="2025-11-27T19:05:23.317Z" hostname="chromium" tests="1" failures="1" skipped="0" time="71.786" errors="0">
<testcase name="Create a simple trigger that fires when status is New and changes status (UI-only smoke) › settings-create-trigger" classname="generated\settings-create-trigger.spec.ts" time="71.786">
<failure message="settings-create-trigger.spec.ts:30:9 settings-create-trigger" type="FAILURE">
<![CDATA[  [chromium] › generated\settings-create-trigger.spec.ts:30:9 › Create a simple trigger that fires when status is New and changes status (UI-only smoke) › settings-create-trigger 

    Error: Dispatch-click CSS failed for settings.statusValueButton

       at ..\selectors\index.ts:187

      185 |   logger.error('Dispatch-click CSS failed for %s.%s - no CSS candidates matched', group, key);
      186 |   try { await hudPush(page, `Dispatch click failed for ${group}.${key}`); } catch {}
    > 187 |   throw new Error(`Dispatch-click CSS failed for ${group}.${key}`);
          |         ^
      188 | }
      189 |
      190 | export async function dispatchClickText(page: Page, text: string): Promise<void> {
        at dispatchClickCss (C:\Users\Zé\Documents\Trilogy\Kayako Autotester\selectors\index.ts:187:9)
        at runFlow (C:\Users\Zé\Documents\Trilogy\Kayako Autotester\tests\generated\settings-create-trigger.spec.ts:16:5)
        at C:\Users\Zé\Documents\Trilogy\Kayako Autotester\tests\generated\settings-create-trigger.spec.ts:31:7

    Test timeout of 60000ms exceeded while running "afterEach" hook.

       at ..\fixtures\auth.fixture.ts:37

      35 | // Optional: keep the browser open for inspection after tests (primarily for headed debugging)
      36 | // Controlled via env.KAYAKO_HOLD_OPEN_MS, which is injected by the Control Center UI for headed runs.
    > 37 | test.afterEach(async ({ authenticatedPage }, testInfo) => {
         |      ^
      38 |   const raw = (process.env.KAYAKO_HOLD_OPEN_MS || '').trim();
      39 |   const ms = raw ? parseInt(raw, 10) : 0;
      40 |   if (!ms || Number.isNaN(ms) || ms <= 0) {
        at C:\Users\Zé\Documents\Trilogy\Kayako Autotester\fixtures\auth.fixture.ts:37:6

    attachment #1: screenshot (image/png) ──────────────────────────────────────────────────────────
    ..\runs\c7862770-cb7e-42dc-85a1-b69c2d01cbfd\artifacts\generated-settings-create--2cdb1-oke-settings-create-trigger-chromium\test-failed-1.png
    ────────────────────────────────────────────────────────────────────────────────────────────────

    Error Context: ..\runs\c7862770-cb7e-42dc-85a1-b69c2d01cbfd\artifacts\generated-settings-create--2cdb1-oke-settings-create-trigger-chromium\error-context.md
]]>
</failure>
<system-out>
<![CDATA[[2025-11-27T19:05:25.236Z] [INFO] [auth.fixture run=c7862770-cb7e-42dc-85a1-b69c2d01cbfd] Starting login flow for authenticatedPage
[2025-11-27T19:05:25.247Z] [INFO] [LoginPage run=c7862770-cb7e-42dc-85a1-b69c2d01cbfd] Navigating to login page https://trilogy-joseguedes.kayako.com/agent/login
[2025-11-27T19:05:28.502Z] [INFO] [selectors run=c7862770-cb7e-42dc-85a1-b69c2d01cbfd] Loaded selectors.jsonc (mtime %d) [33m1764270312736.284[39m
[2025-11-27T19:05:28.871Z] [DEBUG] [selectors run=c7862770-cb7e-42dc-85a1-b69c2d01cbfd] Primary selector used for %s.%s: %s login emailInput role=textbox[name='Email address']
[2025-11-27T19:05:28.891Z] [INFO] [selectors run=c7862770-cb7e-42dc-85a1-b69c2d01cbfd] Filling %s.%s (selector=%s, fallbackIndex=%d) login emailInput role=textbox[name='Email address'] [33m0[39m
[2025-11-27T19:05:29.036Z] [DEBUG] [selectors run=c7862770-cb7e-42dc-85a1-b69c2d01cbfd] Primary selector used for %s.%s: %s login passwordInput role=textbox[name='Password']
[2025-11-27T19:05:29.056Z] [INFO] [selectors run=c7862770-cb7e-42dc-85a1-b69c2d01cbfd] Filling %s.%s (selector=%s, fallbackIndex=%d) login passwordInput role=textbox[name='Password'] [33m0[39m
[2025-11-27T19:05:29.197Z] [DEBUG] [selectors run=c7862770-cb7e-42dc-85a1-b69c2d01cbfd] Primary selector used for %s.%s: %s login submitButton role=button[name='Login']
[2025-11-27T19:05:29.208Z] [INFO] [selectors run=c7862770-cb7e-42dc-85a1-b69c2d01cbfd] Clicking %s.%s (selector=%s, fallbackIndex=%d) login submitButton role=button[name='Login'] [33m0[39m
[2025-11-27T19:05:32.932Z] [DEBUG] [selectors run=c7862770-cb7e-42dc-85a1-b69c2d01cbfd] Primary selector used for %s.%s: %s nav conversationsLink [class*='sidebar'] a[href*='conversations']
[2025-11-27T19:05:32.963Z] [INFO] [selectors run=c7862770-cb7e-42dc-85a1-b69c2d01cbfd] Expect visible %s.%s (selector=%s, fallbackIndex=%d) nav conversationsLink [class*='sidebar'] a[href*='conversations'] [33m0[39m
[2025-11-27T19:05:32.969Z] [INFO] [auth.fixture run=c7862770-cb7e-42dc-85a1-b69c2d01cbfd] Login successful
[2025-11-27T19:05:32.980Z] [INFO] [auth.fixture run=c7862770-cb7e-42dc-85a1-b69c2d01cbfd] Saved storageState to %s C:\Users\Zé\Documents\Trilogy\Kayako Autotester\storage\agent-auth.json
[2025-11-27T19:05:35.826Z] [DEBUG] [selectors run=c7862770-cb7e-42dc-85a1-b69c2d01cbfd] Primary selector used for %s.%s: %s settings triggerTitleInput role=textbox[name='e.g. Notify assignee of update']
[2025-11-27T19:05:35.847Z] [INFO] [selectors run=c7862770-cb7e-42dc-85a1-b69c2d01cbfd] Expect visible %s.%s (selector=%s, fallbackIndex=%d) settings triggerTitleInput role=textbox[name='e.g. Notify assignee of update'] [33m0[39m
[2025-11-27T19:05:35.877Z] [DEBUG] [selectors run=c7862770-cb7e-42dc-85a1-b69c2d01cbfd] Primary selector used for %s.%s: %s settings triggerTitleInput role=textbox[name='e.g. Notify assignee of update']
[2025-11-27T19:05:35.902Z] [INFO] [selectors run=c7862770-cb7e-42dc-85a1-b69c2d01cbfd] Filling %s.%s (selector=%s, fallbackIndex=%d) settings triggerTitleInput role=textbox[name='e.g. Notify assignee of update'] [33m0[39m
[2025-11-27T19:05:36.046Z] [DEBUG] [selectors run=c7862770-cb7e-42dc-85a1-b69c2d01cbfd] Primary selector used for %s.%s: %s settings conditionFieldButton role=button[name=/Select a condition/]
[2025-11-27T19:05:36.082Z] [INFO] [selectors run=c7862770-cb7e-42dc-85a1-b69c2d01cbfd] Clicking %s.%s (selector=%s, fallbackIndex=%d) settings conditionFieldButton role=button[name=/Select a condition/] [33m0[39m
[2025-11-27T19:05:36.247Z] [INFO] [selectors run=c7862770-cb7e-42dc-85a1-b69c2d01cbfd] Dispatch-click by text: %s Status
[2025-11-27T19:05:36.273Z] [INFO] [selectors run=c7862770-cb7e-42dc-85a1-b69c2d01cbfd] Dispatch-click by text succeeded: %s Status
[2025-11-27T19:05:36.324Z] [DEBUG] [selectors run=c7862770-cb7e-42dc-85a1-b69c2d01cbfd] Primary selector used for %s.%s: %s settings operatorButton role=button[name=/Select an operator/]
[2025-11-27T19:05:36.340Z] [INFO] [selectors run=c7862770-cb7e-42dc-85a1-b69c2d01cbfd] Clicking %s.%s (selector=%s, fallbackIndex=%d) settings operatorButton role=button[name=/Select an operator/] [33m0[39m
[2025-11-27T19:05:36.495Z] [INFO] [selectors run=c7862770-cb7e-42dc-85a1-b69c2d01cbfd] Dispatch-click by text: %s equal to
[2025-11-27T19:05:36.514Z] [INFO] [selectors run=c7862770-cb7e-42dc-85a1-b69c2d01cbfd] Dispatch-click by text succeeded: %s equal to
[2025-11-27T19:05:36.533Z] [INFO] [selectors run=c7862770-cb7e-42dc-85a1-b69c2d01cbfd] Dispatch-click CSS for %s.%s with %d candidate(s) settings statusValueButton [33m0[39m
[2025-11-27T19:05:36.618Z] [INFO] [auth.fixture run=c7862770-cb7e-42dc-85a1-b69c2d01cbfd] Holding browser open for %dms after test "%s" [33m600000[39m settings-create-trigger

[[ATTACHMENT|artifacts\generated-settings-create--2cdb1-oke-settings-create-trigger-chromium\test-failed-1.png]]

[[ATTACHMENT|artifacts\generated-settings-create--2cdb1-oke-settings-create-trigger-chromium\error-context.md]]
]]>
</system-out>
<system-err>
<![CDATA[[2025-11-27T19:05:36.533Z] [ERROR] [selectors run=c7862770-cb7e-42dc-85a1-b69c2d01cbfd] Dispatch-click CSS failed for %s.%s - no CSS candidates matched settings statusValueButton
[2025-11-27T19:06:36.710Z] [WARN] [auth.fixture run=c7862770-cb7e-42dc-85a1-b69c2d01cbfd] Hold-open wait interrupted page.waitForTimeout: Test ended.
    at [90mC:\Users\Zé\Documents\Trilogy\Kayako Autotester\[39mfixtures\auth.fixture.ts:45:29
]]>
</system-err>
</testcase>
</testsuite>
</testsuites>