<testsuites id="" name="" tests="1" failures="0" skipped="0" errors="0" time="20.782351000000002">
<testsuite name="generated\add-internal-note.spec.ts" timestamp="2025-11-25T14:21:38.552Z" hostname="chromium" tests="1" failures="0" skipped="0" time="18.8" errors="0">
<testcase name="Agent opens first conversation and adds an internal note › add-internal-note" classname="generated\add-internal-note.spec.ts" time="18.8">
<system-out>
<![CDATA[[2025-11-25T14:21:40.389Z] [INFO] [auth.fixture] Starting login flow for authenticatedPage
[2025-11-25T14:21:40.400Z] [INFO] [LoginPage] Navigating to login page https://trilogy-joseguedes.kayako.com/agent/login
[2025-11-25T14:21:43.583Z] [INFO] [selectors] Loaded selectors.jsonc (mtime %d) [33m1764013286171.8535[39m
[2025-11-25T14:21:44.447Z] [DEBUG] [selectors] Primary selector used for %s.%s: %s login emailInput role=textbox[name='Email address']
[2025-11-25T14:21:44.474Z] [INFO] [selectors] Filling %s.%s (selector=%s, fallbackIndex=%d) login emailInput role=textbox[name='Email address'] [33m0[39m
[2025-11-25T14:21:44.623Z] [DEBUG] [selectors] Primary selector used for %s.%s: %s login passwordInput role=textbox[name='Password']
[2025-11-25T14:21:44.641Z] [INFO] [selectors] Filling %s.%s (selector=%s, fallbackIndex=%d) login passwordInput role=textbox[name='Password'] [33m0[39m
[2025-11-25T14:21:44.792Z] [DEBUG] [selectors] Primary selector used for %s.%s: %s login submitButton role=button[name='Login']
[2025-11-25T14:21:44.815Z] [INFO] [selectors] Clicking %s.%s (selector=%s, fallbackIndex=%d) login submitButton role=button[name='Login'] [33m0[39m
[2025-11-25T14:21:47.875Z] [DEBUG] [selectors] Primary selector used for %s.%s: %s nav conversationsLink [class*='sidebar'] a[href*='conversations']
[2025-11-25T14:21:47.889Z] [INFO] [selectors] Expect visible %s.%s (selector=%s, fallbackIndex=%d) nav conversationsLink [class*='sidebar'] a[href*='conversations'] [33m0[39m
[2025-11-25T14:21:47.895Z] [INFO] [auth.fixture] Login successful
[2025-11-25T14:21:47.905Z] [INFO] [auth.fixture] Saved storageState to %s C:\Users\Zé\Documents\Trilogy\Kayako Autotester\storage\agent-auth.json
[2025-11-25T14:21:47.907Z] [INFO] [selectors] Accessing conversation: using env ID if available, otherwise inbox fallback
[2025-11-25T14:21:47.910Z] [INFO] [selectors] Navigating to target conversation by ID: %s https://trilogy-joseguedes.kayako.com/agent/conversations/35
[2025-11-25T14:21:51.981Z] [DEBUG] [selectors] Primary selector used for %s.%s: %s composer editor div.fr-element.fr-view
[2025-11-25T14:21:52.000Z] [INFO] [selectors] Expect visible %s.%s (selector=%s, fallbackIndex=%d) composer editor div.fr-element.fr-view [33m0[39m
[2025-11-25T14:21:52.031Z] [DEBUG] [selectors] Primary selector used for %s.%s: %s composer editor div.fr-element.fr-view
[2025-11-25T14:21:52.047Z] [INFO] [selectors] Clicking %s.%s (selector=%s, fallbackIndex=%d) composer editor div.fr-element.fr-view [33m0[39m
[2025-11-25T14:21:52.614Z] [INFO] [selectors] Dispatch-click by text: %s Notes
[2025-11-25T14:21:52.677Z] [INFO] [selectors] Dispatch-click by text succeeded: %s Notes
[2025-11-25T14:21:53.141Z] [DEBUG] [selectors] Primary selector used for %s.%s: %s composer notePlaceholder text=Add a note…
[2025-11-25T14:21:53.155Z] [INFO] [selectors] Expect visible %s.%s (selector=%s, fallbackIndex=%d) composer notePlaceholder text=Add a note… [33m0[39m
[2025-11-25T14:21:53.186Z] [DEBUG] [selectors] Primary selector used for %s.%s: %s composer editor div.fr-element.fr-view
[2025-11-25T14:21:53.200Z] [INFO] [selectors] Filling %s.%s (selector=%s, fallbackIndex=%d) composer editor div.fr-element.fr-view [33m0[39m
[2025-11-25T14:21:53.373Z] [DEBUG] [selectors] Primary selector used for %s.%s: %s composer sendButton role=button[name=/^Send( and update)?$/i]
[2025-11-25T14:21:53.398Z] [INFO] [selectors] Clicking %s.%s (selector=%s, fallbackIndex=%d) composer sendButton role=button[name=/^Send( and update)?$/i] [33m0[39m
[2025-11-25T14:21:53.655Z] [DEBUG] [selectors] Primary selector used for %s.%s: %s conversation noteText text=[AUTOTEST] Internal note added by MCP
[2025-11-25T14:21:53.668Z] [INFO] [selectors] Expect visible %s.%s (selector=%s, fallbackIndex=%d) conversation noteText text=[AUTOTEST] Internal note added by MCP [33m0[39m

[[ATTACHMENT|artifacts\generated-add-internal-not-8af71-rnal-note-add-internal-note-chromium\video.webm]]
]]>
</system-out>
</testcase>
</testsuite>
</testsuites>