<testsuites id="" name="" tests="1" failures="1" skipped="0" errors="0" time="81.258613">
<testsuite name="generated\demo-composer-formatting.spec.ts" timestamp="2025-11-28T13:44:49.597Z" hostname="chromium" tests="1" failures="1" skipped="0" time="79.55" errors="0">
<testcase name="Toggle basic formatting controls in the reply composer and send a formatted message › demo-composer-formatting" classname="generated\demo-composer-formatting.spec.ts" time="79.55">
<failure message="demo-composer-formatting.spec.ts:31:9 demo-composer-formatting" type="FAILURE">
<![CDATA[  [chromium] › generated\demo-composer-formatting.spec.ts:31:9 › Toggle basic formatting controls in the reply composer and send a formatted message › demo-composer-formatting 

    Test timeout of 60000ms exceeded while running "afterEach" hook.

       at ..\fixtures\auth.fixture.ts:37

      35 | // Optional: keep the browser open for inspection after tests (primarily for headed debugging)
      36 | // Controlled via env.KAYAKO_HOLD_OPEN_MS, which is injected by the Control Center UI for headed runs.
    > 37 | test.afterEach(async ({ authenticatedPage }, testInfo) => {
         |      ^
      38 |   const raw = (process.env.KAYAKO_HOLD_OPEN_MS || '').trim();
      39 |   const ms = raw ? parseInt(raw, 10) : 0;
      40 |   if (!ms || Number.isNaN(ms) || ms <= 0) {
        at C:\Users\Zé\Documents\Trilogy\Kayako Autotester\fixtures\auth.fixture.ts:37:6

    attachment #1: screenshot (image/png) ──────────────────────────────────────────────────────────
    ..\runs\94a018a5-bf57-4b99-af0e-457158ee04ab\artifacts\generated-demo-composer-fo-19cbb-ge-demo-composer-formatting-chromium\test-failed-1.png
    ────────────────────────────────────────────────────────────────────────────────────────────────

    Error Context: ..\runs\94a018a5-bf57-4b99-af0e-457158ee04ab\artifacts\generated-demo-composer-fo-19cbb-ge-demo-composer-formatting-chromium\error-context.md
]]>
</failure>
<system-out>
<![CDATA[[2025-11-28T13:44:51.520Z] [INFO] [auth.fixture run=94a018a5-bf57-4b99-af0e-457158ee04ab] Starting login flow for authenticatedPage
[2025-11-28T13:44:51.528Z] [INFO] [LoginPage run=94a018a5-bf57-4b99-af0e-457158ee04ab] Navigating to login page https://trilogy-joseguedes.kayako.com/agent/login
[2025-11-28T13:44:53.086Z] [INFO] [selectors run=94a018a5-bf57-4b99-af0e-457158ee04ab] Loaded selectors.jsonc (mtime %d) [33m1764336151970.448[39m
[2025-11-28T13:44:53.136Z] [DEBUG] [selectors run=94a018a5-bf57-4b99-af0e-457158ee04ab] Primary selector used for %s.%s: %s login emailInput role=textbox[name='Email address']
[2025-11-28T13:44:53.166Z] [INFO] [selectors run=94a018a5-bf57-4b99-af0e-457158ee04ab] Filling %s.%s (selector=%s, fallbackIndex=%d) login emailInput role=textbox[name='Email address'] [33m0[39m
[2025-11-28T13:44:53.352Z] [DEBUG] [selectors run=94a018a5-bf57-4b99-af0e-457158ee04ab] Primary selector used for %s.%s: %s login passwordInput role=textbox[name='Password']
[2025-11-28T13:44:53.364Z] [INFO] [selectors run=94a018a5-bf57-4b99-af0e-457158ee04ab] Filling %s.%s (selector=%s, fallbackIndex=%d) login passwordInput role=textbox[name='Password'] [33m0[39m
[2025-11-28T13:44:53.511Z] [DEBUG] [selectors run=94a018a5-bf57-4b99-af0e-457158ee04ab] Primary selector used for %s.%s: %s login submitButton role=button[name='Login']
[2025-11-28T13:44:53.522Z] [INFO] [selectors run=94a018a5-bf57-4b99-af0e-457158ee04ab] Clicking %s.%s (selector=%s, fallbackIndex=%d) login submitButton role=button[name='Login'] [33m0[39m
[2025-11-28T13:44:57.086Z] [DEBUG] [selectors run=94a018a5-bf57-4b99-af0e-457158ee04ab] Primary selector used for %s.%s: %s nav conversationsLink nav[class*='session__left-navigation_'] a[class*='session__left-navigation-item_'][href*='/agent/conversations']
[2025-11-28T13:44:57.118Z] [INFO] [selectors run=94a018a5-bf57-4b99-af0e-457158ee04ab] Expect visible %s.%s (selector=%s, fallbackIndex=%d) nav conversationsLink nav[class*='session__left-navigation_'] a[class*='session__left-navigation-item_'][href*='/agent/conversations'] [33m0[39m
[2025-11-28T13:44:57.130Z] [INFO] [auth.fixture run=94a018a5-bf57-4b99-af0e-457158ee04ab] Login successful
[2025-11-28T13:44:57.143Z] [INFO] [auth.fixture run=94a018a5-bf57-4b99-af0e-457158ee04ab] Saved storageState to %s C:\Users\Zé\Documents\Trilogy\Kayako Autotester\storage\agent-auth.json
[2025-11-28T13:44:57.146Z] [INFO] [selectors run=94a018a5-bf57-4b99-af0e-457158ee04ab] Accessing conversation: using env ID if available, otherwise inbox fallback
[2025-11-28T13:44:57.151Z] [INFO] [selectors run=94a018a5-bf57-4b99-af0e-457158ee04ab] Navigating to target conversation by ID: %s https://trilogy-joseguedes.kayako.com/agent/conversations/35
[2025-11-28T13:45:00.845Z] [INFO] [selectors run=94a018a5-bf57-4b99-af0e-457158ee04ab] Switching composer to Reply mode
[2025-11-28T13:45:00.852Z] [INFO] [selectors run=94a018a5-bf57-4b99-af0e-457158ee04ab] Dispatch-click CSS for %s.%s with %d candidate(s) composer replyToggle [33m1[39m
[2025-11-28T13:45:00.899Z] [INFO] [selectors run=94a018a5-bf57-4b99-af0e-457158ee04ab] Dispatch-click CSS succeeded for %s.%s using %s composer replyToggle [class*='ko-text-editor_mode-selector__root_'][aria-selected='false']
[2025-11-28T13:45:01.119Z] [DEBUG] [selectors run=94a018a5-bf57-4b99-af0e-457158ee04ab] Primary selector used for %s.%s: %s composer toolbarBulletedList svg[data-name='bulletList']
[2025-11-28T13:45:01.135Z] [INFO] [selectors run=94a018a5-bf57-4b99-af0e-457158ee04ab] Clicking %s.%s (selector=%s, fallbackIndex=%d) composer toolbarBulletedList svg[data-name='bulletList'] [33m0[39m
[2025-11-28T13:45:01.294Z] [INFO] [selectors run=94a018a5-bf57-4b99-af0e-457158ee04ab] Inserting reply text (%d chars) [33m16[39m
[2025-11-28T13:45:01.319Z] [DEBUG] [selectors run=94a018a5-bf57-4b99-af0e-457158ee04ab] Primary selector used for %s.%s: %s composer editor div.fr-element.fr-view
[2025-11-28T13:45:02.207Z] [INFO] [selectors run=94a018a5-bf57-4b99-af0e-457158ee04ab] Inserting reply text (%d chars) [33m9[39m
[2025-11-28T13:45:02.228Z] [DEBUG] [selectors run=94a018a5-bf57-4b99-af0e-457158ee04ab] Primary selector used for %s.%s: %s composer editor div.fr-element.fr-view
[2025-11-28T13:45:02.797Z] [DEBUG] [selectors run=94a018a5-bf57-4b99-af0e-457158ee04ab] Primary selector used for %s.%s: %s composer toolbarBoldButton svg[data-name='bold']
[2025-11-28T13:45:02.807Z] [INFO] [selectors run=94a018a5-bf57-4b99-af0e-457158ee04ab] Clicking %s.%s (selector=%s, fallbackIndex=%d) composer toolbarBoldButton svg[data-name='bold'] [33m0[39m
[2025-11-28T13:45:02.968Z] [INFO] [selectors run=94a018a5-bf57-4b99-af0e-457158ee04ab] Inserting reply text (%d chars) [33m4[39m
[2025-11-28T13:45:02.997Z] [DEBUG] [selectors run=94a018a5-bf57-4b99-af0e-457158ee04ab] Primary selector used for %s.%s: %s composer editor div.fr-element.fr-view
[2025-11-28T13:45:03.432Z] [DEBUG] [selectors run=94a018a5-bf57-4b99-af0e-457158ee04ab] Primary selector used for %s.%s: %s composer toolbarBoldButton svg[data-name='bold']
[2025-11-28T13:45:03.448Z] [INFO] [selectors run=94a018a5-bf57-4b99-af0e-457158ee04ab] Clicking %s.%s (selector=%s, fallbackIndex=%d) composer toolbarBoldButton svg[data-name='bold'] [33m0[39m
[2025-11-28T13:45:03.612Z] [INFO] [selectors run=94a018a5-bf57-4b99-af0e-457158ee04ab] Inserting reply text (%d chars) [33m10[39m
[2025-11-28T13:45:03.631Z] [DEBUG] [selectors run=94a018a5-bf57-4b99-af0e-457158ee04ab] Primary selector used for %s.%s: %s composer editor div.fr-element.fr-view
[2025-11-28T13:45:04.339Z] [DEBUG] [selectors run=94a018a5-bf57-4b99-af0e-457158ee04ab] Primary selector used for %s.%s: %s composer toolbarItalicButton svg[data-name='italic']
[2025-11-28T13:45:04.355Z] [INFO] [selectors run=94a018a5-bf57-4b99-af0e-457158ee04ab] Clicking %s.%s (selector=%s, fallbackIndex=%d) composer toolbarItalicButton svg[data-name='italic'] [33m0[39m
[2025-11-28T13:45:04.521Z] [INFO] [selectors run=94a018a5-bf57-4b99-af0e-457158ee04ab] Inserting reply text (%d chars) [33m9[39m
[2025-11-28T13:45:04.547Z] [DEBUG] [selectors run=94a018a5-bf57-4b99-af0e-457158ee04ab] Primary selector used for %s.%s: %s composer editor div.fr-element.fr-view
[2025-11-28T13:45:05.089Z] [INFO] [selectors run=94a018a5-bf57-4b99-af0e-457158ee04ab] Inserting reply text (%d chars) [33m7[39m
[2025-11-28T13:45:05.109Z] [DEBUG] [selectors run=94a018a5-bf57-4b99-af0e-457158ee04ab] Primary selector used for %s.%s: %s composer editor div.fr-element.fr-view
[2025-11-28T13:45:05.620Z] [DEBUG] [selectors run=94a018a5-bf57-4b99-af0e-457158ee04ab] Primary selector used for %s.%s: %s composer toolbarItalicButton svg[data-name='italic']
[2025-11-28T13:45:05.634Z] [INFO] [selectors run=94a018a5-bf57-4b99-af0e-457158ee04ab] Clicking %s.%s (selector=%s, fallbackIndex=%d) composer toolbarItalicButton svg[data-name='italic'] [33m0[39m
[2025-11-28T13:45:05.786Z] [INFO] [selectors run=94a018a5-bf57-4b99-af0e-457158ee04ab] Inserting reply text (%d chars) [33m12[39m
[2025-11-28T13:45:05.811Z] [DEBUG] [selectors run=94a018a5-bf57-4b99-af0e-457158ee04ab] Primary selector used for %s.%s: %s composer editor div.fr-element.fr-view
[2025-11-28T13:45:06.553Z] [DEBUG] [selectors run=94a018a5-bf57-4b99-af0e-457158ee04ab] Primary selector used for %s.%s: %s composer toolbarNumberedList svg[data-name='numberList']
[2025-11-28T13:45:06.569Z] [INFO] [selectors run=94a018a5-bf57-4b99-af0e-457158ee04ab] Clicking %s.%s (selector=%s, fallbackIndex=%d) composer toolbarNumberedList svg[data-name='numberList'] [33m0[39m
[2025-11-28T13:45:06.731Z] [INFO] [selectors run=94a018a5-bf57-4b99-af0e-457158ee04ab] Inserting reply text (%d chars) [33m59[39m
[2025-11-28T13:45:06.753Z] [DEBUG] [selectors run=94a018a5-bf57-4b99-af0e-457158ee04ab] Primary selector used for %s.%s: %s composer editor div.fr-element.fr-view
[2025-11-28T13:45:09.300Z] [INFO] [selectors run=94a018a5-bf57-4b99-af0e-457158ee04ab] Clicking composer Send button
[2025-11-28T13:45:09.339Z] [DEBUG] [selectors run=94a018a5-bf57-4b99-af0e-457158ee04ab] Primary selector used for %s.%s: %s composer sendButton role=button[name=/^Send( and update)?$/i]
[2025-11-28T13:45:09.354Z] [INFO] [selectors run=94a018a5-bf57-4b99-af0e-457158ee04ab] Clicking %s.%s (selector=%s, fallbackIndex=%d) composer sendButton role=button[name=/^Send( and update)?$/i] [33m0[39m
[2025-11-28T13:45:09.570Z] [INFO] [selectors run=94a018a5-bf57-4b99-af0e-457158ee04ab] Asserting timeline contains text "%s" (entries=%d) [AUTOTEST] formatted reply with lists [33m214[39m
[2025-11-28T13:45:10.457Z] [INFO] [auth.fixture run=94a018a5-bf57-4b99-af0e-457158ee04ab] Holding browser open for %dms after test "%s" [33m600000[39m demo-composer-formatting

[[ATTACHMENT|artifacts\generated-demo-composer-fo-19cbb-ge-demo-composer-formatting-chromium\test-failed-1.png]]

[[ATTACHMENT|artifacts\generated-demo-composer-fo-19cbb-ge-demo-composer-formatting-chromium\error-context.md]]
]]>
</system-out>
<system-err>
<![CDATA[[2025-11-28T13:46:10.634Z] [WARN] [auth.fixture run=94a018a5-bf57-4b99-af0e-457158ee04ab] Hold-open wait interrupted page.waitForTimeout: Test ended.
    at [90mC:\Users\Zé\Documents\Trilogy\Kayako Autotester\[39mfixtures\auth.fixture.ts:45:29
]]>
</system-err>
</testcase>
</testsuite>
</testsuites>