<testsuites id="" name="" tests="1" failures="0" skipped="0" errors="0" time="17.583493999999998">
<testsuite name="runtime\queue-runner.spec.ts" timestamp="2025-11-27T17:52:57.254Z" hostname="chromium" tests="1" failures="0" skipped="0" time="15.804" errors="0">
<testcase name="Queued flows › run queued flows serially" classname="runtime\queue-runner.spec.ts" time="15.804">
<system-out>
<![CDATA[[2025-11-27T17:52:59.146Z] [INFO] [auth.fixture run=ebe0f57e-bc1c-411f-aceb-9ad5f17137f3] Starting login flow for authenticatedPage
[2025-11-27T17:52:59.155Z] [INFO] [LoginPage run=ebe0f57e-bc1c-411f-aceb-9ad5f17137f3] Navigating to login page https://trilogy-joseguedes.kayako.com/agent/login
[2025-11-27T17:53:02.416Z] [INFO] [selectors run=ebe0f57e-bc1c-411f-aceb-9ad5f17137f3] Loaded selectors.jsonc (mtime %d) [33m1764260827551.927[39m
[2025-11-27T17:53:02.786Z] [DEBUG] [selectors run=ebe0f57e-bc1c-411f-aceb-9ad5f17137f3] Primary selector used for %s.%s: %s login emailInput role=textbox[name='Email address']
[2025-11-27T17:53:02.804Z] [INFO] [selectors run=ebe0f57e-bc1c-411f-aceb-9ad5f17137f3] Filling %s.%s (selector=%s, fallbackIndex=%d) login emailInput role=textbox[name='Email address'] [33m0[39m
[2025-11-27T17:53:02.953Z] [DEBUG] [selectors run=ebe0f57e-bc1c-411f-aceb-9ad5f17137f3] Primary selector used for %s.%s: %s login passwordInput role=textbox[name='Password']
[2025-11-27T17:53:02.971Z] [INFO] [selectors run=ebe0f57e-bc1c-411f-aceb-9ad5f17137f3] Filling %s.%s (selector=%s, fallbackIndex=%d) login passwordInput role=textbox[name='Password'] [33m0[39m
[2025-11-27T17:53:03.122Z] [DEBUG] [selectors run=ebe0f57e-bc1c-411f-aceb-9ad5f17137f3] Primary selector used for %s.%s: %s login submitButton role=button[name='Login']
[2025-11-27T17:53:03.135Z] [INFO] [selectors run=ebe0f57e-bc1c-411f-aceb-9ad5f17137f3] Clicking %s.%s (selector=%s, fallbackIndex=%d) login submitButton role=button[name='Login'] [33m0[39m
[2025-11-27T17:53:06.707Z] [DEBUG] [selectors run=ebe0f57e-bc1c-411f-aceb-9ad5f17137f3] Primary selector used for %s.%s: %s nav conversationsLink [class*='sidebar'] a[href*='conversations']
[2025-11-27T17:53:06.732Z] [INFO] [selectors run=ebe0f57e-bc1c-411f-aceb-9ad5f17137f3] Expect visible %s.%s (selector=%s, fallbackIndex=%d) nav conversationsLink [class*='sidebar'] a[href*='conversations'] [33m0[39m
[2025-11-27T17:53:06.739Z] [INFO] [auth.fixture run=ebe0f57e-bc1c-411f-aceb-9ad5f17137f3] Login successful
[2025-11-27T17:53:06.749Z] [INFO] [auth.fixture run=ebe0f57e-bc1c-411f-aceb-9ad5f17137f3] Saved storageState to %s C:\Users\Zé\Documents\Trilogy\Kayako Autotester\storage\agent-auth.json
[2025-11-27T17:53:09.134Z] [DEBUG] [selectors run=ebe0f57e-bc1c-411f-aceb-9ad5f17137f3] Primary selector used for %s.%s: %s users container [class*='ko-user-list__container_']
[2025-11-27T17:53:09.153Z] [INFO] [selectors run=ebe0f57e-bc1c-411f-aceb-9ad5f17137f3] Expect visible %s.%s (selector=%s, fallbackIndex=%d) users container [class*='ko-user-list__container_'] [33m0[39m
[2025-11-27T17:53:09.187Z] [DEBUG] [selectors run=ebe0f57e-bc1c-411f-aceb-9ad5f17137f3] Primary selector used for %s.%s: %s users sidebar [class*='ko-user-list__sidebar_']
[2025-11-27T17:53:09.203Z] [INFO] [selectors run=ebe0f57e-bc1c-411f-aceb-9ad5f17137f3] Expect visible %s.%s (selector=%s, fallbackIndex=%d) users sidebar [class*='ko-user-list__sidebar_'] [33m0[39m
[2025-11-27T17:53:10.056Z] [DEBUG] [selectors run=ebe0f57e-bc1c-411f-aceb-9ad5f17137f3] Primary selector used for %s.%s: %s users resultsHeading [class*='ko-user-list__heading_']
[2025-11-27T17:53:10.073Z] [INFO] [selectors run=ebe0f57e-bc1c-411f-aceb-9ad5f17137f3] Expect visible %s.%s (selector=%s, fallbackIndex=%d) users resultsHeading [class*='ko-user-list__heading_'] [33m0[39m
[2025-11-27T17:53:12.044Z] [DEBUG] [selectors run=ebe0f57e-bc1c-411f-aceb-9ad5f17137f3] Primary selector used for %s.%s: %s users results [class*='ko-user-list__results_']
[2025-11-27T17:53:12.059Z] [INFO] [selectors run=ebe0f57e-bc1c-411f-aceb-9ad5f17137f3] Expect visible %s.%s (selector=%s, fallbackIndex=%d) users results [class*='ko-user-list__results_'] [33m0[39m
[2025-11-27T17:53:12.092Z] [DEBUG] [selectors run=ebe0f57e-bc1c-411f-aceb-9ad5f17137f3] Primary selector used for %s.%s: %s users firstRow [class*='ko-user-list_results__row-styles_']
[2025-11-27T17:53:12.108Z] [INFO] [selectors run=ebe0f57e-bc1c-411f-aceb-9ad5f17137f3] Expect visible %s.%s (selector=%s, fallbackIndex=%d) users firstRow [class*='ko-user-list_results__row-styles_'] [33m0[39m
[2025-11-27T17:53:14.064Z] [DEBUG] [selectors run=ebe0f57e-bc1c-411f-aceb-9ad5f17137f3] Primary selector used for %s.%s: %s users sidebar [class*='ko-user-list__sidebar_']
[2025-11-27T17:53:14.080Z] [INFO] [selectors run=ebe0f57e-bc1c-411f-aceb-9ad5f17137f3] Expect visible %s.%s (selector=%s, fallbackIndex=%d) users sidebar [class*='ko-user-list__sidebar_'] [33m0[39m
[2025-11-27T17:53:14.127Z] [DEBUG] [selectors run=ebe0f57e-bc1c-411f-aceb-9ad5f17137f3] Primary selector used for %s.%s: %s users definitionCheckbox [class*='ko-entity-list_sidebar_definition__heading_'] [class*='ko-checkbox__checkbox_']
[2025-11-27T17:53:14.146Z] [INFO] [selectors run=ebe0f57e-bc1c-411f-aceb-9ad5f17137f3] Clicking %s.%s (selector=%s, fallbackIndex=%d) users definitionCheckbox [class*='ko-entity-list_sidebar_definition__heading_'] [class*='ko-checkbox__checkbox_'] [33m0[39m
[2025-11-27T17:53:14.357Z] [DEBUG] [selectors run=ebe0f57e-bc1c-411f-aceb-9ad5f17137f3] Primary selector used for %s.%s: %s users sidebarDetail [class*='ko-user-list__sidebar-detail_']
[2025-11-27T17:53:14.373Z] [INFO] [selectors run=ebe0f57e-bc1c-411f-aceb-9ad5f17137f3] Expect visible %s.%s (selector=%s, fallbackIndex=%d) users sidebarDetail [class*='ko-user-list__sidebar-detail_'] [33m0[39m

[[ATTACHMENT|artifacts\runtime-queue-runner-Queued-flows-run-queued-flows-serially-chromium\video.webm]]
]]>
</system-out>
</testcase>
</testsuite>
</testsuites>