<testsuites id="" name="" tests="1" failures="0" skipped="0" errors="0" time="13.428882">
<testsuite name="runtime\queue-runner.spec.ts" timestamp="2025-11-27T18:12:17.443Z" hostname="chromium" tests="1" failures="0" skipped="0" time="11.558" errors="0">
<testcase name="Queued flows › run queued flows serially" classname="runtime\queue-runner.spec.ts" time="11.558">
<system-out>
<![CDATA[[2025-11-27T18:12:19.447Z] [INFO] [auth.fixture run=991eb0cd-e00d-4567-b1fc-030d02b1ca70] Starting login flow for authenticatedPage
[2025-11-27T18:12:19.455Z] [INFO] [LoginPage run=991eb0cd-e00d-4567-b1fc-030d02b1ca70] Navigating to login page https://trilogy-joseguedes.kayako.com/agent/login
[2025-11-27T18:12:22.354Z] [INFO] [selectors run=991eb0cd-e00d-4567-b1fc-030d02b1ca70] Loaded selectors.jsonc (mtime %d) [33m1764260827551.927[39m
[2025-11-27T18:12:23.239Z] [DEBUG] [selectors run=991eb0cd-e00d-4567-b1fc-030d02b1ca70] Primary selector used for %s.%s: %s login emailInput role=textbox[name='Email address']
[2025-11-27T18:12:23.255Z] [INFO] [selectors run=991eb0cd-e00d-4567-b1fc-030d02b1ca70] Filling %s.%s (selector=%s, fallbackIndex=%d) login emailInput role=textbox[name='Email address'] [33m0[39m
[2025-11-27T18:12:23.390Z] [DEBUG] [selectors run=991eb0cd-e00d-4567-b1fc-030d02b1ca70] Primary selector used for %s.%s: %s login passwordInput role=textbox[name='Password']
[2025-11-27T18:12:23.404Z] [INFO] [selectors run=991eb0cd-e00d-4567-b1fc-030d02b1ca70] Filling %s.%s (selector=%s, fallbackIndex=%d) login passwordInput role=textbox[name='Password'] [33m0[39m
[2025-11-27T18:12:23.548Z] [DEBUG] [selectors run=991eb0cd-e00d-4567-b1fc-030d02b1ca70] Primary selector used for %s.%s: %s login submitButton role=button[name='Login']
[2025-11-27T18:12:23.558Z] [INFO] [selectors run=991eb0cd-e00d-4567-b1fc-030d02b1ca70] Clicking %s.%s (selector=%s, fallbackIndex=%d) login submitButton role=button[name='Login'] [33m0[39m
[2025-11-27T18:12:26.650Z] [DEBUG] [selectors run=991eb0cd-e00d-4567-b1fc-030d02b1ca70] Primary selector used for %s.%s: %s nav conversationsLink [class*='sidebar'] a[href*='conversations']
[2025-11-27T18:12:26.670Z] [INFO] [selectors run=991eb0cd-e00d-4567-b1fc-030d02b1ca70] Expect visible %s.%s (selector=%s, fallbackIndex=%d) nav conversationsLink [class*='sidebar'] a[href*='conversations'] [33m0[39m
[2025-11-27T18:12:26.679Z] [INFO] [auth.fixture run=991eb0cd-e00d-4567-b1fc-030d02b1ca70] Login successful
[2025-11-27T18:12:26.692Z] [INFO] [auth.fixture run=991eb0cd-e00d-4567-b1fc-030d02b1ca70] Saved storageState to %s C:\Users\Zé\Documents\Trilogy\Kayako Autotester\storage\agent-auth.json
[2025-11-27T18:12:29.037Z] [DEBUG] [selectors run=991eb0cd-e00d-4567-b1fc-030d02b1ca70] Primary selector used for %s.%s: %s users container [class*='ko-user-list__container_']
[2025-11-27T18:12:29.058Z] [INFO] [selectors run=991eb0cd-e00d-4567-b1fc-030d02b1ca70] Expect visible %s.%s (selector=%s, fallbackIndex=%d) users container [class*='ko-user-list__container_'] [33m0[39m
[2025-11-27T18:12:29.089Z] [DEBUG] [selectors run=991eb0cd-e00d-4567-b1fc-030d02b1ca70] Primary selector used for %s.%s: %s users sidebar [class*='ko-user-list__sidebar_']
[2025-11-27T18:12:29.105Z] [INFO] [selectors run=991eb0cd-e00d-4567-b1fc-030d02b1ca70] Expect visible %s.%s (selector=%s, fallbackIndex=%d) users sidebar [class*='ko-user-list__sidebar_'] [33m0[39m
[2025-11-27T18:12:29.957Z] [DEBUG] [selectors run=991eb0cd-e00d-4567-b1fc-030d02b1ca70] Primary selector used for %s.%s: %s users resultsHeading [class*='ko-user-list__heading_']
[2025-11-27T18:12:29.971Z] [INFO] [selectors run=991eb0cd-e00d-4567-b1fc-030d02b1ca70] Expect visible %s.%s (selector=%s, fallbackIndex=%d) users resultsHeading [class*='ko-user-list__heading_'] [33m0[39m
[2025-11-27T18:12:30.021Z] [DEBUG] [selectors run=991eb0cd-e00d-4567-b1fc-030d02b1ca70] Primary selector used for %s.%s: %s users results [class*='ko-user-list__results_']
[2025-11-27T18:12:30.035Z] [INFO] [selectors run=991eb0cd-e00d-4567-b1fc-030d02b1ca70] Expect visible %s.%s (selector=%s, fallbackIndex=%d) users results [class*='ko-user-list__results_'] [33m0[39m
[2025-11-27T18:12:30.070Z] [DEBUG] [selectors run=991eb0cd-e00d-4567-b1fc-030d02b1ca70] Primary selector used for %s.%s: %s users firstRow [class*='ko-user-list_results__row-styles_']
[2025-11-27T18:12:30.084Z] [INFO] [selectors run=991eb0cd-e00d-4567-b1fc-030d02b1ca70] Expect visible %s.%s (selector=%s, fallbackIndex=%d) users firstRow [class*='ko-user-list_results__row-styles_'] [33m0[39m
[2025-11-27T18:12:30.133Z] [DEBUG] [selectors run=991eb0cd-e00d-4567-b1fc-030d02b1ca70] Primary selector used for %s.%s: %s users sidebar [class*='ko-user-list__sidebar_']
[2025-11-27T18:12:30.147Z] [INFO] [selectors run=991eb0cd-e00d-4567-b1fc-030d02b1ca70] Expect visible %s.%s (selector=%s, fallbackIndex=%d) users sidebar [class*='ko-user-list__sidebar_'] [33m0[39m
[2025-11-27T18:12:30.176Z] [DEBUG] [selectors run=991eb0cd-e00d-4567-b1fc-030d02b1ca70] Primary selector used for %s.%s: %s users definitionCheckbox [class*='ko-entity-list_sidebar_definition__heading_'] [class*='ko-checkbox__checkbox_']
[2025-11-27T18:12:30.191Z] [INFO] [selectors run=991eb0cd-e00d-4567-b1fc-030d02b1ca70] Clicking %s.%s (selector=%s, fallbackIndex=%d) users definitionCheckbox [class*='ko-entity-list_sidebar_definition__heading_'] [class*='ko-checkbox__checkbox_'] [33m0[39m
[2025-11-27T18:12:30.398Z] [DEBUG] [selectors run=991eb0cd-e00d-4567-b1fc-030d02b1ca70] Primary selector used for %s.%s: %s users sidebarDetail [class*='ko-user-list__sidebar-detail_']
[2025-11-27T18:12:30.410Z] [INFO] [selectors run=991eb0cd-e00d-4567-b1fc-030d02b1ca70] Expect visible %s.%s (selector=%s, fallbackIndex=%d) users sidebarDetail [class*='ko-user-list__sidebar-detail_'] [33m0[39m

[[ATTACHMENT|artifacts\runtime-queue-runner-Queued-flows-run-queued-flows-serially-chromium\video.webm]]
]]>
</system-out>
</testcase>
</testsuite>
</testsuites>