<testsuites id="" name="" tests="1" failures="0" skipped="0" errors="0" time="15.538259000000002">
<testsuite name="runtime\queue-runner.spec.ts" timestamp="2025-11-27T18:14:57.197Z" hostname="chromium" tests="1" failures="0" skipped="0" time="13.757" errors="0">
<testcase name="Queued flows › run queued flows serially" classname="runtime\queue-runner.spec.ts" time="13.757">
<system-out>
<![CDATA[[2025-11-27T18:14:59.209Z] [INFO] [auth.fixture run=1ae9510a-61d6-46fb-8c87-d2d33e9783e7] Starting login flow for authenticatedPage
[2025-11-27T18:14:59.216Z] [INFO] [LoginPage run=1ae9510a-61d6-46fb-8c87-d2d33e9783e7] Navigating to login page https://trilogy-joseguedes.kayako.com/agent/login
[2025-11-27T18:15:02.233Z] [INFO] [selectors run=1ae9510a-61d6-46fb-8c87-d2d33e9783e7] Loaded selectors.jsonc (mtime %d) [33m1764260827551.927[39m
[2025-11-27T18:15:02.467Z] [DEBUG] [selectors run=1ae9510a-61d6-46fb-8c87-d2d33e9783e7] Primary selector used for %s.%s: %s login emailInput role=textbox[name='Email address']
[2025-11-27T18:15:02.483Z] [INFO] [selectors run=1ae9510a-61d6-46fb-8c87-d2d33e9783e7] Filling %s.%s (selector=%s, fallbackIndex=%d) login emailInput role=textbox[name='Email address'] [33m0[39m
[2025-11-27T18:15:02.633Z] [DEBUG] [selectors run=1ae9510a-61d6-46fb-8c87-d2d33e9783e7] Primary selector used for %s.%s: %s login passwordInput role=textbox[name='Password']
[2025-11-27T18:15:02.649Z] [INFO] [selectors run=1ae9510a-61d6-46fb-8c87-d2d33e9783e7] Filling %s.%s (selector=%s, fallbackIndex=%d) login passwordInput role=textbox[name='Password'] [33m0[39m
[2025-11-27T18:15:02.788Z] [DEBUG] [selectors run=1ae9510a-61d6-46fb-8c87-d2d33e9783e7] Primary selector used for %s.%s: %s login submitButton role=button[name='Login']
[2025-11-27T18:15:02.800Z] [INFO] [selectors run=1ae9510a-61d6-46fb-8c87-d2d33e9783e7] Clicking %s.%s (selector=%s, fallbackIndex=%d) login submitButton role=button[name='Login'] [33m0[39m
[2025-11-27T18:15:06.358Z] [DEBUG] [selectors run=1ae9510a-61d6-46fb-8c87-d2d33e9783e7] Primary selector used for %s.%s: %s nav conversationsLink [class*='sidebar'] a[href*='conversations']
[2025-11-27T18:15:06.377Z] [INFO] [selectors run=1ae9510a-61d6-46fb-8c87-d2d33e9783e7] Expect visible %s.%s (selector=%s, fallbackIndex=%d) nav conversationsLink [class*='sidebar'] a[href*='conversations'] [33m0[39m
[2025-11-27T18:15:06.387Z] [INFO] [auth.fixture run=1ae9510a-61d6-46fb-8c87-d2d33e9783e7] Login successful
[2025-11-27T18:15:06.414Z] [INFO] [auth.fixture run=1ae9510a-61d6-46fb-8c87-d2d33e9783e7] Saved storageState to %s C:\Users\Zé\Documents\Trilogy\Kayako Autotester\storage\agent-auth.json
[2025-11-27T18:15:08.868Z] [DEBUG] [selectors run=1ae9510a-61d6-46fb-8c87-d2d33e9783e7] Primary selector used for %s.%s: %s users container [class*='ko-user-list__container_']
[2025-11-27T18:15:08.891Z] [INFO] [selectors run=1ae9510a-61d6-46fb-8c87-d2d33e9783e7] Expect visible %s.%s (selector=%s, fallbackIndex=%d) users container [class*='ko-user-list__container_'] [33m0[39m
[2025-11-27T18:15:08.941Z] [DEBUG] [selectors run=1ae9510a-61d6-46fb-8c87-d2d33e9783e7] Primary selector used for %s.%s: %s users sidebar [class*='ko-user-list__sidebar_']
[2025-11-27T18:15:08.952Z] [INFO] [selectors run=1ae9510a-61d6-46fb-8c87-d2d33e9783e7] Expect visible %s.%s (selector=%s, fallbackIndex=%d) users sidebar [class*='ko-user-list__sidebar_'] [33m0[39m
[2025-11-27T18:15:09.795Z] [DEBUG] [selectors run=1ae9510a-61d6-46fb-8c87-d2d33e9783e7] Primary selector used for %s.%s: %s users resultsHeading [class*='ko-user-list__heading_']
[2025-11-27T18:15:09.816Z] [INFO] [selectors run=1ae9510a-61d6-46fb-8c87-d2d33e9783e7] Expect visible %s.%s (selector=%s, fallbackIndex=%d) users resultsHeading [class*='ko-user-list__heading_'] [33m0[39m
[2025-11-27T18:15:09.874Z] [DEBUG] [selectors run=1ae9510a-61d6-46fb-8c87-d2d33e9783e7] Primary selector used for %s.%s: %s users results [class*='ko-user-list__results_']
[2025-11-27T18:15:09.892Z] [INFO] [selectors run=1ae9510a-61d6-46fb-8c87-d2d33e9783e7] Expect visible %s.%s (selector=%s, fallbackIndex=%d) users results [class*='ko-user-list__results_'] [33m0[39m
[2025-11-27T18:15:09.930Z] [DEBUG] [selectors run=1ae9510a-61d6-46fb-8c87-d2d33e9783e7] Primary selector used for %s.%s: %s users firstRow [class*='ko-user-list_results__row-styles_']
[2025-11-27T18:15:09.946Z] [INFO] [selectors run=1ae9510a-61d6-46fb-8c87-d2d33e9783e7] Expect visible %s.%s (selector=%s, fallbackIndex=%d) users firstRow [class*='ko-user-list_results__row-styles_'] [33m0[39m
[2025-11-27T18:15:09.994Z] [DEBUG] [selectors run=1ae9510a-61d6-46fb-8c87-d2d33e9783e7] Primary selector used for %s.%s: %s users sidebar [class*='ko-user-list__sidebar_']
[2025-11-27T18:15:10.010Z] [INFO] [selectors run=1ae9510a-61d6-46fb-8c87-d2d33e9783e7] Expect visible %s.%s (selector=%s, fallbackIndex=%d) users sidebar [class*='ko-user-list__sidebar_'] [33m0[39m
[2025-11-27T18:15:10.036Z] [DEBUG] [selectors run=1ae9510a-61d6-46fb-8c87-d2d33e9783e7] Primary selector used for %s.%s: %s users definitionCheckbox [class*='ko-entity-list_sidebar_definition__heading_'] [class*='ko-checkbox__checkbox_']
[2025-11-27T18:15:10.052Z] [INFO] [selectors run=1ae9510a-61d6-46fb-8c87-d2d33e9783e7] Clicking %s.%s (selector=%s, fallbackIndex=%d) users definitionCheckbox [class*='ko-entity-list_sidebar_definition__heading_'] [class*='ko-checkbox__checkbox_'] [33m0[39m
[2025-11-27T18:15:10.250Z] [DEBUG] [selectors run=1ae9510a-61d6-46fb-8c87-d2d33e9783e7] Primary selector used for %s.%s: %s users sidebarDetail [class*='ko-user-list__sidebar-detail_']
[2025-11-27T18:15:10.268Z] [INFO] [selectors run=1ae9510a-61d6-46fb-8c87-d2d33e9783e7] Expect visible %s.%s (selector=%s, fallbackIndex=%d) users sidebarDetail [class*='ko-user-list__sidebar-detail_'] [33m0[39m

[[ATTACHMENT|artifacts\runtime-queue-runner-Queued-flows-run-queued-flows-serially-chromium\video.webm]]
]]>
</system-out>
</testcase>
</testsuite>
</testsuites>